[1130/153254.737:INFO:CONSOLE(113)] "Event handler of 'x-storagemutated-1' event must be added on the initial evaluation of worker script.", source: https://static.whatsapp.net/rsrc.php/v4/yJ/r/mYzEJhJVwmn.js (113)
[1130/153254.864:INFO:CONSOLE(0)] "Error with Permissions-Policy header: Feature xr-spatial-tracking's parameters are ignored.", source:  (0)
[1130/153254.864:INFO:CONSOLE(0)] "Error with Permissions-Policy header: Origin trial controlled feature not enabled: 'attribution-reporting'.", source:  (0)
[1130/153254.864:INFO:CONSOLE(0)] "Error with Permissions-Policy header: Unrecognized feature: 'compute-pressure'.", source:  (0)
[1130/153254.864:INFO:CONSOLE(0)] "Error with Permissions-Policy header: Origin trial controlled feature not enabled: 'interest-cohort'.", source:  (0)
[1130/153254.864:INFO:CONSOLE(0)] "Error with Permissions-Policy header: Unrecognized feature: 'private-state-token-issuance'.", source:  (0)
[1130/153254.864:INFO:CONSOLE(0)] "Error with Permissions-Policy header: Origin trial controlled feature not enabled: 'shared-storage'.", source:  (0)
[1130/153254.864:INFO:CONSOLE(0)] "Error with Permissions-Policy header: Unrecognized feature: 'shared-storage-select-url'.", source:  (0)
[1130/153254.864:INFO:CONSOLE(0)] "Error with Permissions-Policy header: Unrecognized feature: 'private-state-token-redemption'.", source:  (0)
[1130/153254.864:INFO:CONSOLE(0)] "Error with Permissions-Policy header: Unrecognized feature: 'unload'.", source:  (0)
[1130/153254.864:INFO:CONSOLE(0)] "Error with Permissions-Policy header: Unrecognized feature: 'window-management'.", source:  (0)
[1130/153254.864:INFO:CONSOLE(0)] "Document-Policy HTTP header: Unrecognized document policy feature name include-js-call-stacks-in-crash-reports.", source: https://web.whatsapp.com/ (0)
[1130/153257.102:INFO:CONSOLE(113)] "Event handler of 'x-storagemutated-1' event must be added on the initial evaluation of worker script.", source: https://static.whatsapp.net/rsrc.php/v4/yJ/r/mYzEJhJVwmn.js (113)
[1130/153305.029:INFO:CONSOLE(0)] "Error with Permissions-Policy header: Feature xr-spatial-tracking's parameters are ignored.", source:  (0)
[1130/153305.029:INFO:CONSOLE(0)] "Error with Permissions-Policy header: Origin trial controlled feature not enabled: 'attribution-reporting'.", source:  (0)
[1130/153305.029:INFO:CONSOLE(0)] "Error with Permissions-Policy header: Unrecognized feature: 'compute-pressure'.", source:  (0)
[1130/153305.029:INFO:CONSOLE(0)] "Error with Permissions-Policy header: Origin trial controlled feature not enabled: 'interest-cohort'.", source:  (0)
[1130/153305.029:INFO:CONSOLE(0)] "Error with Permissions-Policy header: Unrecognized feature: 'private-state-token-issuance'.", source:  (0)
[1130/153305.029:INFO:CONSOLE(0)] "Error with Permissions-Policy header: Origin trial controlled feature not enabled: 'shared-storage'.", source:  (0)
[1130/153305.029:INFO:CONSOLE(0)] "Error with Permissions-Policy header: Unrecognized feature: 'shared-storage-select-url'.", source:  (0)
[1130/153305.029:INFO:CONSOLE(0)] "Error with Permissions-Policy header: Unrecognized feature: 'private-state-token-redemption'.", source:  (0)
[1130/153305.029:INFO:CONSOLE(0)] "Error with Permissions-Policy header: Unrecognized feature: 'unload'.", source:  (0)
[1130/153305.029:INFO:CONSOLE(0)] "Error with Permissions-Policy header: Unrecognized feature: 'window-management'.", source:  (0)
[1130/153305.029:INFO:CONSOLE(0)] "Document-Policy HTTP header: Unrecognized document policy feature name include-js-call-stacks-in-crash-reports.", source: https://web.whatsapp.com/ (0)
[1130/153305.425:ERROR:entry_impl.cc(1072)] No file for 8000000b
[1130/153305.426:ERROR:entry_impl.cc(1072)] No file for 8000000d
[1130/153305.427:ERROR:entry_impl.cc(1072)] No file for 8000000c
[1130/153305.427:ERROR:entry_impl.cc(1072)] No file for 8000000e
[1130/153305.430:ERROR:entry_impl.cc(1072)] No file for 8000000f
[1130/153305.430:ERROR:entry_impl.cc(1072)] No file for 80000010
[1130/153305.430:ERROR:entry_impl.cc(1072)] No file for 80000012
[1130/153305.522:ERROR:entry_impl.cc(1072)] No file for 80000011
[1130/153305.523:ERROR:entry_impl.cc(1072)] No file for 80000013
[1130/153305.641:INFO:CONSOLE(77)] "ErrorUtils caught an error:

[sw] sw-update-failed: AbortError: Failed to update a ServiceWorker for scope ('https://web.whatsapp.com/') with script ('https://web.whatsapp.com/sw.js'): Failed to access storage.

Subsequent non-fatal errors won't be logged; see https://fburl.com/debugjs. [object Object]", source: https://static.whatsapp.net/rsrc.php/v4/yu/r/4wLJsIo9jix.js (77)
[1130/153307.650:ERROR:entry_impl.cc(1072)] No file for 80000016
[1130/153307.655:INFO:CONSOLE(1)] "Uncaught NetworkError: Failed to execute 'importScripts' on 'WorkerGlobalScope': The script at 'https://static.whatsapp.net/rsrc.php/v4/yF/r/End8m6Ela2w.js' failed to load.", source: https://web.whatsapp.com/static_resources/webworker_v1/init_script/?__hs=20422.HYP%3Awhatsapp_comet_pkg.2.1...0&__spin_r=1030439371&__spin_b=trunk&__spin_t=1764527585 (1)
